<?xml version="1.0" encoding="UTF-8"?>
<testng-results skipped="0" failed="0" total="1" passed="1">
  <reporter-output>
  </reporter-output>
  <suite name="Default suite" duration-ms="77429" started-at="2016-08-24T10:22:40Z" finished-at="2016-08-24T10:23:58Z">
    <groups>
    </groups>
    <test name="Default test" duration-ms="77429" started-at="2016-08-24T10:22:40Z" finished-at="2016-08-24T10:23:58Z">
      <class name="Test.AppiumTest">
        <test-method status="PASS" signature="setUp()[pri:0, instance:Test.AppiumTest@bb0257]" name="setUp" is-config="true" duration-ms="29385" started-at="2016-08-24T18:22:40Z" finished-at="2016-08-24T18:23:10Z">
          <reporter-output>
          </reporter-output>
        </test-method> <!-- setUp -->
        <test-method status="PASS" signature="Test3()[pri:2, instance:Test.AppiumTest@bb0257]" name="Test3" duration-ms="47088" started-at="2016-08-24T18:23:10Z" finished-at="2016-08-24T18:23:57Z">
          <reporter-output>
          </reporter-output>
        </test-method> <!-- Test3 -->
        <test-method status="PASS" signature="tearDown()[pri:0, instance:Test.AppiumTest@bb0257]" name="tearDown" is-config="true" duration-ms="944" started-at="2016-08-24T18:23:57Z" finished-at="2016-08-24T18:23:58Z">
          <reporter-output>
          </reporter-output>
        </test-method> <!-- tearDown -->
      </class> <!-- Test.AppiumTest -->
    </test> <!-- Default test -->
  </suite> <!-- Default suite -->
</testng-results>
