<?xml version="1.0" encoding="UTF-8"?>
<testng-results skipped="0" failed="0" total="1" passed="1">
  <reporter-output>
  </reporter-output>
  <suite name="Default suite" duration-ms="428238" started-at="2016-08-22T09:27:15Z" finished-at="2016-08-22T09:34:24Z">
    <groups>
    </groups>
    <test name="Default test" duration-ms="428238" started-at="2016-08-22T09:27:15Z" finished-at="2016-08-22T09:34:24Z">
      <class name="Test.AppiumTest">
        <test-method status="PASS" signature="setUp()[pri:0, instance:Test.AppiumTest@1aa3554]" name="setUp" is-config="true" duration-ms="42014" started-at="2016-08-22T17:27:15Z" finished-at="2016-08-22T17:27:57Z">
          <reporter-output>
          </reporter-output>
        </test-method> <!-- setUp -->
        <test-method status="PASS" signature="Test1()[pri:1, instance:Test.AppiumTest@1aa3554]" name="Test1" duration-ms="384494" started-at="2016-08-22T17:27:57Z" finished-at="2016-08-22T17:34:22Z">
          <reporter-output>
          </reporter-output>
        </test-method> <!-- Test1 -->
        <test-method status="PASS" signature="tearDown()[pri:0, instance:Test.AppiumTest@1aa3554]" name="tearDown" is-config="true" duration-ms="1695" started-at="2016-08-22T17:34:22Z" finished-at="2016-08-22T17:34:24Z">
          <reporter-output>
          </reporter-output>
        </test-method> <!-- tearDown -->
      </class> <!-- Test.AppiumTest -->
    </test> <!-- Default test -->
  </suite> <!-- Default suite -->
</testng-results>
